c:\users\chanhowie\documents\visual studio 2013\projects\2021_6_19\2021_6_19\debug\vc120.pdb
c:\users\chanhowie\documents\visual studio 2013\projects\2021_6_19\2021_6_19\debug\vc120.idb
c:\users\chanhowie\documents\visual studio 2013\projects\2021_6_19\2021_6_19\debug\源.obj
c:\users\chanhowie\documents\visual studio 2013\projects\2021_6_19\debug\2021_6_19.pdb
c:\users\chanhowie\documents\visual studio 2013\projects\2021_6_19\2021_6_19\debug\2021_6_19.tlog\cl.command.1.tlog
c:\users\chanhowie\documents\visual studio 2013\projects\2021_6_19\2021_6_19\debug\2021_6_19.tlog\cl.read.1.tlog
c:\users\chanhowie\documents\visual studio 2013\projects\2021_6_19\2021_6_19\debug\2021_6_19.tlog\cl.write.1.tlog
c:\users\chanhowie\documents\visual studio 2013\projects\2021_6_19\2021_6_19\debug\2021_6_19.tlog\link-cvtres.read.1.tlog
c:\users\chanhowie\documents\visual studio 2013\projects\2021_6_19\2021_6_19\debug\2021_6_19.tlog\link-cvtres.write.1.tlog
c:\users\chanhowie\documents\visual studio 2013\projects\2021_6_19\2021_6_19\debug\2021_6_19.tlog\link-rc.read.1.tlog
c:\users\chanhowie\documents\visual studio 2013\projects\2021_6_19\2021_6_19\debug\2021_6_19.tlog\link-rc.write.1.tlog
c:\users\chanhowie\documents\visual studio 2013\projects\2021_6_19\2021_6_19\debug\2021_6_19.tlog\link.3452-cvtres.read.1.tlog
c:\users\chanhowie\documents\visual studio 2013\projects\2021_6_19\2021_6_19\debug\2021_6_19.tlog\link.3452-cvtres.write.1.tlog
c:\users\chanhowie\documents\visual studio 2013\projects\2021_6_19\2021_6_19\debug\2021_6_19.tlog\link.3452-rc.read.1.tlog
c:\users\chanhowie\documents\visual studio 2013\projects\2021_6_19\2021_6_19\debug\2021_6_19.tlog\link.3452-rc.write.1.tlog
c:\users\chanhowie\documents\visual studio 2013\projects\2021_6_19\2021_6_19\debug\2021_6_19.tlog\link.3452.read.1.tlog
c:\users\chanhowie\documents\visual studio 2013\projects\2021_6_19\2021_6_19\debug\2021_6_19.tlog\link.3452.write.1.tlog
c:\users\chanhowie\documents\visual studio 2013\projects\2021_6_19\2021_6_19\debug\2021_6_19.tlog\link.command.1.tlog
c:\users\chanhowie\documents\visual studio 2013\projects\2021_6_19\2021_6_19\debug\2021_6_19.tlog\link.read.1.tlog
c:\users\chanhowie\documents\visual studio 2013\projects\2021_6_19\2021_6_19\debug\2021_6_19.tlog\link.write.1.tlog
